[2013/01/17 15:01:35] [warning] Language dir not found: C:\Users\ian\Documents\NetBeansProjects\CSourceFilePalette\..\UserLanguage
[2013/01/20 09:49:09] [warning] Language dir not found: C:\Users\ian\Documents\NetBeansProjects\LearningPalette\..\UserLanguage
[2013/01/20 09:58:10] [warning] Language dir not found: C:\Users\ian\Documents\NetBeansProjects\LearningPalette\..\UserLanguage
[2013/01/20 09:59:28] [message] java.lang.NullPointerException
[2013/01/20 09:59:28] [message] at javax.swing.ImageIcon.<init>(ImageIcon.java:205)
[2013/01/20 09:59:28] [message] at org.netbeans.modules.filepalette.items.resources.TryCatchPopup.initComponents(TryCatchPopup.java:131)
[2013/01/20 09:59:28] [message] at org.netbeans.modules.filepalette.items.resources.TryCatchPopup.<init>(TryCatchPopup.java:41)
[2013/01/20 09:59:28] [message] at org.netbeans.modules.filepalette.items.TryCatch.handleTransfer(TryCatch.java:48)
[2013/01/20 09:59:28] [message] at org.openide.text.QuietEditorPane$DelegatingTransferHandler.importData(QuietEditorPane.java:360)
[2013/01/20 09:59:28] [message] at javax.swing.TransferHandler.importData(TransferHandler.java:826)
[2013/01/20 09:59:28] [message] at javax.swing.TransferHandler$DropHandler.drop(TransferHandler.java:1536)
[2013/01/20 09:59:28] [message] at java.awt.dnd.DropTarget.drop(DropTarget.java:450)
[2013/01/20 09:59:28] [message] at javax.swing.TransferHandler$SwingDropTarget.drop(TransferHandler.java:1274)
[2013/01/20 09:59:28] [message] at org.openide.text.QuietEditorPane$DelegatingDropTarget.drop(QuietEditorPane.java:509)
[2013/01/20 09:59:28] [message] at sun.awt.dnd.SunDropTargetContextPeer.processDropMessage(SunDropTargetContextPeer.java:537)
[2013/01/20 09:59:28] [message] at sun.awt.dnd.SunDropTargetContextPeer$EventDispatcher.dispatchDropEvent(SunDropTargetContextPeer.java:851)
[2013/01/20 09:59:28] [message] at sun.awt.dnd.SunDropTargetContextPeer$EventDispatcher.dispatchEvent(SunDropTargetContextPeer.java:775)
[2013/01/20 09:59:28] [message] at sun.awt.dnd.SunDropTargetEvent.dispatch(SunDropTargetEvent.java:48)
[2013/01/20 09:59:28] [message] at java.awt.Component.dispatchEventImpl(Component.java:4716)
[2013/01/20 09:59:28] [message] at java.awt.Container.dispatchEventImpl(Container.java:2287)
[2013/01/20 09:59:28] [message] at java.awt.Component.dispatchEvent(Component.java:4687)
[2013/01/20 09:59:28] [message] at java.awt.LightweightDispatcher.retargetMouseEvent(Container.java:4832)
[2013/01/20 09:59:28] [message] at java.awt.LightweightDispatcher.processDropTargetEvent(Container.java:4566)
[2013/01/20 09:59:28] [message] at java.awt.LightweightDispatcher.dispatchEvent(Container.java:4417)
[2013/01/20 09:59:28] [message] at java.awt.Container.dispatchEventImpl(Container.java:2273)
[2013/01/20 09:59:28] [message] at java.awt.Window.dispatchEventImpl(Window.java:2719)
[2013/01/20 09:59:28] [message] at java.awt.Component.dispatchEvent(Component.java:4687)
[2013/01/20 09:59:28] [message] at java.awt.EventQueue.dispatchEventImpl(EventQueue.java:723)
[2013/01/20 09:59:28] [message] at java.awt.EventQueue.access$200(EventQueue.java:103)
[2013/01/20 09:59:28] [message] at java.awt.EventQueue$3.run(EventQueue.java:682)
[2013/01/20 09:59:28] [message] at java.awt.EventQueue$3.run(EventQueue.java:680)
[2013/01/20 09:59:28] [message] at java.security.AccessController.doPrivileged(Native Method)
[2013/01/20 09:59:28] [message] at java.security.ProtectionDomain$1.doIntersectionPrivilege(ProtectionDomain.java:76)
[2013/01/20 09:59:28] [message] at java.security.ProtectionDomain$1.doIntersectionPrivilege(ProtectionDomain.java:87)
[2013/01/20 09:59:28] [message] at java.awt.EventQueue$4.run(EventQueue.java:696)
[2013/01/20 09:59:28] [message] at java.awt.EventQueue$4.run(EventQueue.java:694)
[2013/01/20 09:59:28] [message] at java.security.AccessController.doPrivileged(Native Method)
[2013/01/20 09:59:28] [message] at java.security.ProtectionDomain$1.doIntersectionPrivilege(ProtectionDomain.java:76)
[2013/01/20 09:59:28] [message] at java.awt.EventQueue.dispatchEvent(EventQueue.java:693)
[2013/01/20 09:59:28] [message] at org.netbeans.core.TimableEventQueue.dispatchEvent(TimableEventQueue.java:158)
[2013/01/20 09:59:28] [message] at java.awt.EventDispatchThread.pumpOneEventForFilters(EventDispatchThread.java:242)
[2013/01/20 09:59:28] [message] at java.awt.EventDispatchThread.pumpEventsForFilter(EventDispatchThread.java:161)
[2013/01/20 09:59:28] [message] at java.awt.EventDispatchThread.pumpEventsForHierarchy(EventDispatchThread.java:150)
[2013/01/20 09:59:28] [message] at java.awt.EventDispatchThread.pumpEvents(EventDispatchThread.java:146)
[2013/01/20 09:59:28] [message] at java.awt.EventDispatchThread.pumpEvents(EventDispatchThread.java:138)
[2013/01/20 09:59:28] [message] at java.awt.EventDispatchThread.run(EventDispatchThread.java:91)
[2013/01/20 09:59:50] [message] Valid Variable Name
[2013/01/20 09:59:50] [message] Inserting Code
[2013/01/20 10:06:02] [warning] Language dir not found: C:\Users\ian\Documents\NetBeansProjects\LearningPalette\..\UserLanguage
[2013/01/20 17:57:43] [warning] Language dir not found: C:\Users\ian\Documents\NetBeansProjects\LearningPalette\..\UserLanguage
[2013/01/20 18:00:26] [warning] Language dir not found: C:\Users\ian\Documents\NetBeansProjects\LearningPalette\..\UserLanguage
[2013/01/20 18:01:08] [message] Can't get display name: java.util.MissingResourceException: Can't find resource for bundle org.openide.util.NbBundle$PBundle, key NAME_html-intPopup
[2013/01/20 18:01:17] [message] Inserting Code
[2013/01/20 18:01:54] [message] Can't get display name: java.util.MissingResourceException: Can't find resource for bundle org.openide.util.NbBundle$PBundle, key NAME_html-intPopup
[2013/01/20 18:01:59] [message] Inserting Code
[2013/01/20 18:02:16] [message] Can't get display name: java.util.MissingResourceException: Can't find resource for bundle org.openide.util.NbBundle$PBundle, key NAME_html-intPopup
